2018-01-05 00:32:31.1986|1|Microsoft.AspNetCore.Hosting.Internal.WebHost|INFO|Request starting HTTP/1.1 GET http://localhost:55870/swagger/   
2018-01-05 00:32:31.2867|2|Microsoft.AspNetCore.StaticFiles.StaticFileMiddleware|INFO|Sending file. Request path: '/index.html'. Physical path: 'N/A' 
2018-01-05 00:32:31.3104|2|Microsoft.AspNetCore.Hosting.Internal.WebHost|INFO|Request finished in 129.5895ms 200 text/html 
2018-01-05 00:32:31.5037|1|Microsoft.AspNetCore.Hosting.Internal.WebHost|INFO|Request starting HTTP/1.1 GET http://localhost:55870/swagger/v1/swagger.json   
2018-01-05 00:32:31.8062|2|Microsoft.AspNetCore.Hosting.Internal.WebHost|INFO|Request finished in 303.2101ms 200 application/json 
2018-01-05 00:32:38.0064|1|Microsoft.AspNetCore.Hosting.Internal.WebHost|INFO|Request starting HTTP/1.1 GET http://localhost:55870/swagger/images/throbber.gif   
2018-01-05 00:32:38.0289|2|Microsoft.AspNetCore.StaticFiles.StaticFileMiddleware|INFO|Sending file. Request path: '/images/throbber.gif'. Physical path: 'N/A' 
2018-01-05 00:32:38.0289|2|Microsoft.AspNetCore.Hosting.Internal.WebHost|INFO|Request finished in 27.7657ms 200 image/gif 
2018-01-05 00:32:49.8207|1|Microsoft.AspNetCore.Hosting.Internal.WebHost|INFO|Request starting HTTP/1.1 GET http://localhost:55870/api/Customer?Page=1&PageCount=2&HasQuery=true&Descending=true   
2018-01-05 00:32:49.9776|0|WebApp.Controllers.CustomerController|INFO|customercontroler has started! 
2018-01-05 00:32:50.0324|1|Microsoft.AspNetCore.Mvc.Internal.ControllerActionInvoker|INFO|Executing action method WebApp.Controllers.CustomerController.GetAllCustomer (WebApp) with arguments (WebApp.QueryParameter.CustomerQueryParameter) - ModelState is Valid 
2018-01-05 00:32:50.0370|0|WebApp.Controllers.CustomerController|INFO|------> GetAllCustomers version 1 
2018-01-05 00:32:50.0604|10403|Microsoft.EntityFrameworkCore.Infrastructure|INFO|Entity Framework Core 2.0.1-rtm-125 initialized 'MyDBContext' using provider 'Microsoft.EntityFrameworkCore.SqlServer' with options: None 
2018-01-05 00:32:50.6476|20101|Microsoft.EntityFrameworkCore.Database.Command|INFO|Executed DbCommand (1ms) [Parameters=[], CommandType='Text', CommandTimeout='30']
SELECT [c].[Id], [c].[Age], [c].[Firstname], [c].[Lastname]
FROM [Customers] AS [c]
ORDER BY [c].[Firstname] 
2018-01-05 00:32:50.6709|20101|Microsoft.EntityFrameworkCore.Database.Command|INFO|Executed DbCommand (0ms) [Parameters=[], CommandType='Text', CommandTimeout='30']
SELECT COUNT(*)
FROM [Customers] AS [c] 
2018-01-05 00:32:50.6971|1|Microsoft.AspNetCore.Mvc.Internal.ObjectResultExecutor|WARN|No output formatter was found for content type 'text/plain' to write the response. 
2018-01-05 00:32:50.6971|2|Microsoft.AspNetCore.Mvc.Internal.ControllerActionInvoker|INFO|Executed action WebApp.Controllers.CustomerController.GetAllCustomer (WebApp) in 731.6111ms 
2018-01-05 00:32:50.7171|2|Microsoft.AspNetCore.Hosting.Internal.WebHost|INFO|Request finished in 897.2119ms 406  
2018-01-05 00:33:29.8504|1|Microsoft.AspNetCore.Hosting.Internal.WebHost|INFO|Request starting HTTP/1.1 GET http://localhost:55870/api/Customer?Page=1&PageCount=2&HasQuery=true&Descending=true   
2018-01-05 00:33:29.8504|0|WebApp.Controllers.CustomerController|INFO|customercontroler has started! 
2018-01-05 00:33:29.8658|1|Microsoft.AspNetCore.Mvc.Internal.ControllerActionInvoker|INFO|Executing action method WebApp.Controllers.CustomerController.GetAllCustomer (WebApp) with arguments (WebApp.QueryParameter.CustomerQueryParameter) - ModelState is Valid 
2018-01-05 00:33:29.8658|0|WebApp.Controllers.CustomerController|INFO|------> GetAllCustomers version 1 
2018-01-05 00:33:29.8658|10403|Microsoft.EntityFrameworkCore.Infrastructure|INFO|Entity Framework Core 2.0.1-rtm-125 initialized 'MyDBContext' using provider 'Microsoft.EntityFrameworkCore.SqlServer' with options: None 
2018-01-05 00:33:29.9016|20101|Microsoft.EntityFrameworkCore.Database.Command|INFO|Executed DbCommand (0ms) [Parameters=[], CommandType='Text', CommandTimeout='30']
SELECT [c].[Id], [c].[Age], [c].[Firstname], [c].[Lastname]
FROM [Customers] AS [c]
ORDER BY [c].[Firstname] 
2018-01-05 00:33:29.9016|20101|Microsoft.EntityFrameworkCore.Database.Command|INFO|Executed DbCommand (0ms) [Parameters=[], CommandType='Text', CommandTimeout='30']
SELECT COUNT(*)
FROM [Customers] AS [c] 
2018-01-05 00:33:29.9124|1|Microsoft.AspNetCore.Mvc.Internal.ObjectResultExecutor|INFO|Executing ObjectResult, writing value Microsoft.AspNetCore.Mvc.ControllerContext. 
2018-01-05 00:33:29.9466|2|Microsoft.AspNetCore.Mvc.Internal.ControllerActionInvoker|INFO|Executed action WebApp.Controllers.CustomerController.GetAllCustomer (WebApp) in 89.6641ms 
2018-01-05 00:33:29.9466|2|Microsoft.AspNetCore.Hosting.Internal.WebHost|INFO|Request finished in 101.214ms 200 application/json; charset=utf-8 
